This is pdfTeX, Version 3.14159265-2.6-1.40.18 (MiKTeX 2.9.6350 64-bit) (preloaded format=latex 2019.2.25)  9 MAY 2019 11:16
entering extended mode
**./Tarea_5.tex
(Tarea_5.tex
LaTeX2e <2017-04-15>
Babel <3.10> and hyphenation patterns for 75 language(s) loaded.
("C:\Program Files\basic\tex\latex\base\article.cls"
Document Class: article 2014/09/29 v1.4h Standard LaTeX document class
("C:\Program Files\basic\tex\latex\base\size10.clo"
File: size10.clo 2014/09/29 v1.4h Standard LaTeX file (size option)
)
\c@part=\count79
\c@section=\count80
\c@subsection=\count81
\c@subsubsection=\count82
\c@paragraph=\count83
\c@subparagraph=\count84
\c@figure=\count85
\c@table=\count86
\abovecaptionskip=\skip41
\belowcaptionskip=\skip42
\bibindent=\dimen102
)
("C:\Program Files\basic\tex\latex\base\inputenc.sty"
Package: inputenc 2015/03/17 v1.2c Input encoding file
\inpenc@prehook=\toks14
\inpenc@posthook=\toks15

("C:\Program Files\basic\tex\latex\base\utf8.def"
File: utf8.def 2017/01/28 v1.1t UTF-8 support for inputenc
Now handling font encoding OML ...
... no UTF-8 mapping file for font encoding OML
Now handling font encoding T1 ...
... processing UTF-8 mapping file for font encoding T1

("C:\Program Files\basic\tex\latex\base\t1enc.dfu"
File: t1enc.dfu 2017/01/28 v1.1t UTF-8 support for inputenc
   defining Unicode char U+00A0 (decimal 160)
   defining Unicode char U+00A1 (decimal 161)
   defining Unicode char U+00A3 (decimal 163)
   defining Unicode char U+00AB (decimal 171)
   defining Unicode char U+00AD (decimal 173)
   defining Unicode char U+00BB (decimal 187)
   defining Unicode char U+00BF (decimal 191)
   defining Unicode char U+00C0 (decimal 192)
   defining Unicode char U+00C1 (decimal 193)
   defining Unicode char U+00C2 (decimal 194)
   defining Unicode char U+00C3 (decimal 195)
   defining Unicode char U+00C4 (decimal 196)
   defining Unicode char U+00C5 (decimal 197)
   defining Unicode char U+00C6 (decimal 198)
   defining Unicode char U+00C7 (decimal 199)
   defining Unicode char U+00C8 (decimal 200)
   defining Unicode char U+00C9 (decimal 201)
   defining Unicode char U+00CA (decimal 202)
   defining Unicode char U+00CB (decimal 203)
   defining Unicode char U+00CC (decimal 204)
   defining Unicode char U+00CD (decimal 205)
   defining Unicode char U+00CE (decimal 206)
   defining Unicode char U+00CF (decimal 207)
   defining Unicode char U+00D0 (decimal 208)
   defining Unicode char U+00D1 (decimal 209)
   defining Unicode char U+00D2 (decimal 210)
   defining Unicode char U+00D3 (decimal 211)
   defining Unicode char U+00D4 (decimal 212)
   defining Unicode char U+00D5 (decimal 213)
   defining Unicode char U+00D6 (decimal 214)
   defining Unicode char U+00D8 (decimal 216)
   defining Unicode char U+00D9 (decimal 217)
   defining Unicode char U+00DA (decimal 218)
   defining Unicode char U+00DB (decimal 219)
   defining Unicode char U+00DC (decimal 220)
   defining Unicode char U+00DD (decimal 221)
   defining Unicode char U+00DE (decimal 222)
   defining Unicode char U+00DF (decimal 223)
   defining Unicode char U+00E0 (decimal 224)
   defining Unicode char U+00E1 (decimal 225)
   defining Unicode char U+00E2 (decimal 226)
   defining Unicode char U+00E3 (decimal 227)
   defining Unicode char U+00E4 (decimal 228)
   defining Unicode char U+00E5 (decimal 229)
   defining Unicode char U+00E6 (decimal 230)
   defining Unicode char U+00E7 (decimal 231)
   defining Unicode char U+00E8 (decimal 232)
   defining Unicode char U+00E9 (decimal 233)
   defining Unicode char U+00EA (decimal 234)
   defining Unicode char U+00EB (decimal 235)
   defining Unicode char U+00EC (decimal 236)
   defining Unicode char U+00ED (decimal 237)
   defining Unicode char U+00EE (decimal 238)
   defining Unicode char U+00EF (decimal 239)
   defining Unicode char U+00F0 (decimal 240)
   defining Unicode char U+00F1 (decimal 241)
   defining Unicode char U+00F2 (decimal 242)
   defining Unicode char U+00F3 (decimal 243)
   defining Unicode char U+00F4 (decimal 244)
   defining Unicode char U+00F5 (decimal 245)
   defining Unicode char U+00F6 (decimal 246)
   defining Unicode char U+00F8 (decimal 248)
   defining Unicode char U+00F9 (decimal 249)
   defining Unicode char U+00FA (decimal 250)
   defining Unicode char U+00FB (decimal 251)
   defining Unicode char U+00FC (decimal 252)
   defining Unicode char U+00FD (decimal 253)
   defining Unicode char U+00FE (decimal 254)
   defining Unicode char U+00FF (decimal 255)
   defining Unicode char U+0100 (decimal 256)
   defining Unicode char U+0101 (decimal 257)
   defining Unicode char U+0102 (decimal 258)
   defining Unicode char U+0103 (decimal 259)
   defining Unicode char U+0104 (decimal 260)
   defining Unicode char U+0105 (decimal 261)
   defining Unicode char U+0106 (decimal 262)
   defining Unicode char U+0107 (decimal 263)
   defining Unicode char U+0108 (decimal 264)
   defining Unicode char U+0109 (decimal 265)
   defining Unicode char U+010A (decimal 266)
   defining Unicode char U+010B (decimal 267)
   defining Unicode char U+010C (decimal 268)
   defining Unicode char U+010D (decimal 269)
   defining Unicode char U+010E (decimal 270)
   defining Unicode char U+010F (decimal 271)
   defining Unicode char U+0110 (decimal 272)
   defining Unicode char U+0111 (decimal 273)
   defining Unicode char U+0112 (decimal 274)
   defining Unicode char U+0113 (decimal 275)
   defining Unicode char U+0114 (decimal 276)
   defining Unicode char U+0115 (decimal 277)
   defining Unicode char U+0116 (decimal 278)
   defining Unicode char U+0117 (decimal 279)
   defining Unicode char U+0118 (decimal 280)
   defining Unicode char U+0119 (decimal 281)
   defining Unicode char U+011A (decimal 282)
   defining Unicode char U+011B (decimal 283)
   defining Unicode char U+011C (decimal 284)
   defining Unicode char U+011D (decimal 285)
   defining Unicode char U+011E (decimal 286)
   defining Unicode char U+011F (decimal 287)
   defining Unicode char U+0120 (decimal 288)
   defining Unicode char U+0121 (decimal 289)
   defining Unicode char U+0122 (decimal 290)
   defining Unicode char U+0123 (decimal 291)
   defining Unicode char U+0124 (decimal 292)
   defining Unicode char U+0125 (decimal 293)
   defining Unicode char U+0128 (decimal 296)
   defining Unicode char U+0129 (decimal 297)
   defining Unicode char U+012A (decimal 298)
   defining Unicode char U+012B (decimal 299)
   defining Unicode char U+012C (decimal 300)
   defining Unicode char U+012D (decimal 301)
   defining Unicode char U+012E (decimal 302)
   defining Unicode char U+012F (decimal 303)
   defining Unicode char U+0130 (decimal 304)
   defining Unicode char U+0131 (decimal 305)
   defining Unicode char U+0132 (decimal 306)
   defining Unicode char U+0133 (decimal 307)
   defining Unicode char U+0134 (decimal 308)
   defining Unicode char U+0135 (decimal 309)
   defining Unicode char U+0136 (decimal 310)
   defining Unicode char U+0137 (decimal 311)
   defining Unicode char U+0139 (decimal 313)
   defining Unicode char U+013A (decimal 314)
   defining Unicode char U+013B (decimal 315)
   defining Unicode char U+013C (decimal 316)
   defining Unicode char U+013D (decimal 317)
   defining Unicode char U+013E (decimal 318)
   defining Unicode char U+0141 (decimal 321)
   defining Unicode char U+0142 (decimal 322)
   defining Unicode char U+0143 (decimal 323)
   defining Unicode char U+0144 (decimal 324)
   defining Unicode char U+0145 (decimal 325)
   defining Unicode char U+0146 (decimal 326)
   defining Unicode char U+0147 (decimal 327)
   defining Unicode char U+0148 (decimal 328)
   defining Unicode char U+014A (decimal 330)
   defining Unicode char U+014B (decimal 331)
   defining Unicode char U+014C (decimal 332)
   defining Unicode char U+014D (decimal 333)
   defining Unicode char U+014E (decimal 334)
   defining Unicode char U+014F (decimal 335)
   defining Unicode char U+0150 (decimal 336)
   defining Unicode char U+0151 (decimal 337)
   defining Unicode char U+0152 (decimal 338)
   defining Unicode char U+0153 (decimal 339)
   defining Unicode char U+0154 (decimal 340)
   defining Unicode char U+0155 (decimal 341)
   defining Unicode char U+0156 (decimal 342)
   defining Unicode char U+0157 (decimal 343)
   defining Unicode char U+0158 (decimal 344)
   defining Unicode char U+0159 (decimal 345)
   defining Unicode char U+015A (decimal 346)
   defining Unicode char U+015B (decimal 347)
   defining Unicode char U+015C (decimal 348)
   defining Unicode char U+015D (decimal 349)
   defining Unicode char U+015E (decimal 350)
   defining Unicode char U+015F (decimal 351)
   defining Unicode char U+0160 (decimal 352)
   defining Unicode char U+0161 (decimal 353)
   defining Unicode char U+0162 (decimal 354)
   defining Unicode char U+0163 (decimal 355)
   defining Unicode char U+0164 (decimal 356)
   defining Unicode char U+0165 (decimal 357)
   defining Unicode char U+0168 (decimal 360)
   defining Unicode char U+0169 (decimal 361)
   defining Unicode char U+016A (decimal 362)
   defining Unicode char U+016B (decimal 363)
   defining Unicode char U+016C (decimal 364)
   defining Unicode char U+016D (decimal 365)
   defining Unicode char U+016E (decimal 366)
   defining Unicode char U+016F (decimal 367)
   defining Unicode char U+0170 (decimal 368)
   defining Unicode char U+0171 (decimal 369)
   defining Unicode char U+0172 (decimal 370)
   defining Unicode char U+0173 (decimal 371)
   defining Unicode char U+0174 (decimal 372)
   defining Unicode char U+0175 (decimal 373)
   defining Unicode char U+0176 (decimal 374)
   defining Unicode char U+0177 (decimal 375)
   defining Unicode char U+0178 (decimal 376)
   defining Unicode char U+0179 (decimal 377)
   defining Unicode char U+017A (decimal 378)
   defining Unicode char U+017B (decimal 379)
   defining Unicode char U+017C (decimal 380)
   defining Unicode char U+017D (decimal 381)
   defining Unicode char U+017E (decimal 382)
   defining Unicode char U+01CD (decimal 461)
   defining Unicode char U+01CE (decimal 462)
   defining Unicode char U+01CF (decimal 463)
   defining Unicode char U+01D0 (decimal 464)
   defining Unicode char U+01D1 (decimal 465)
   defining Unicode char U+01D2 (decimal 466)
   defining Unicode char U+01D3 (decimal 467)
   defining Unicode char U+01D4 (decimal 468)
   defining Unicode char U+01E2 (decimal 482)
   defining Unicode char U+01E3 (decimal 483)
   defining Unicode char U+01E6 (decimal 486)
   defining Unicode char U+01E7 (decimal 487)
   defining Unicode char U+01E8 (decimal 488)
   defining Unicode char U+01E9 (decimal 489)
   defining Unicode char U+01EA (decimal 490)
   defining Unicode char U+01EB (decimal 491)
   defining Unicode char U+01F0 (decimal 496)
   defining Unicode char U+01F4 (decimal 500)
   defining Unicode char U+01F5 (decimal 501)
   defining Unicode char U+0218 (decimal 536)
   defining Unicode char U+0219 (decimal 537)
   defining Unicode char U+021A (decimal 538)
   defining Unicode char U+021B (decimal 539)
   defining Unicode char U+0232 (decimal 562)
   defining Unicode char U+0233 (decimal 563)
   defining Unicode char U+1E02 (decimal 7682)
   defining Unicode char U+1E03 (decimal 7683)
   defining Unicode char U+200C (decimal 8204)
   defining Unicode char U+2010 (decimal 8208)
   defining Unicode char U+2011 (decimal 8209)
   defining Unicode char U+2012 (decimal 8210)
   defining Unicode char U+2013 (decimal 8211)
   defining Unicode char U+2014 (decimal 8212)
   defining Unicode char U+2015 (decimal 8213)
   defining Unicode char U+2018 (decimal 8216)
   defining Unicode char U+2019 (decimal 8217)
   defining Unicode char U+201A (decimal 8218)
   defining Unicode char U+201C (decimal 8220)
   defining Unicode char U+201D (decimal 8221)
   defining Unicode char U+201E (decimal 8222)
   defining Unicode char U+2030 (decimal 8240)
   defining Unicode char U+2031 (decimal 8241)
   defining Unicode char U+2039 (decimal 8249)
   defining Unicode char U+203A (decimal 8250)
   defining Unicode char U+2423 (decimal 9251)
   defining Unicode char U+1E20 (decimal 7712)
   defining Unicode char U+1E21 (decimal 7713)
)
Now handling font encoding OT1 ...
... processing UTF-8 mapping file for font encoding OT1

("C:\Program Files\basic\tex\latex\base\ot1enc.dfu"
File: ot1enc.dfu 2017/01/28 v1.1t UTF-8 support for inputenc
   defining Unicode char U+00A0 (decimal 160)
   defining Unicode char U+00A1 (decimal 161)
   defining Unicode char U+00A3 (decimal 163)
   defining Unicode char U+00AD (decimal 173)
   defining Unicode char U+00B8 (decimal 184)
   defining Unicode char U+00BF (decimal 191)
   defining Unicode char U+00C5 (decimal 197)
   defining Unicode char U+00C6 (decimal 198)
   defining Unicode char U+00D8 (decimal 216)
   defining Unicode char U+00DF (decimal 223)
   defining Unicode char U+00E6 (decimal 230)
   defining Unicode char U+00EC (decimal 236)
   defining Unicode char U+00ED (decimal 237)
   defining Unicode char U+00EE (decimal 238)
   defining Unicode char U+00EF (decimal 239)
   defining Unicode char U+00F8 (decimal 248)
   defining Unicode char U+0131 (decimal 305)
   defining Unicode char U+0141 (decimal 321)
   defining Unicode char U+0142 (decimal 322)
   defining Unicode char U+0152 (decimal 338)
   defining Unicode char U+0153 (decimal 339)
   defining Unicode char U+0174 (decimal 372)
   defining Unicode char U+0175 (decimal 373)
   defining Unicode char U+0176 (decimal 374)
   defining Unicode char U+0177 (decimal 375)
   defining Unicode char U+0218 (decimal 536)
   defining Unicode char U+0219 (decimal 537)
   defining Unicode char U+021A (decimal 538)
   defining Unicode char U+021B (decimal 539)
   defining Unicode char U+2013 (decimal 8211)
   defining Unicode char U+2014 (decimal 8212)
   defining Unicode char U+2018 (decimal 8216)
   defining Unicode char U+2019 (decimal 8217)
   defining Unicode char U+201C (decimal 8220)
   defining Unicode char U+201D (decimal 8221)
)
Now handling font encoding OMS ...
... processing UTF-8 mapping file for font encoding OMS

("C:\Program Files\basic\tex\latex\base\omsenc.dfu"
File: omsenc.dfu 2017/01/28 v1.1t UTF-8 support for inputenc
   defining Unicode char U+00A7 (decimal 167)
   defining Unicode char U+00B6 (decimal 182)
   defining Unicode char U+00B7 (decimal 183)
   defining Unicode char U+2020 (decimal 8224)
   defining Unicode char U+2021 (decimal 8225)
   defining Unicode char U+2022 (decimal 8226)
)
Now handling font encoding OMX ...
... no UTF-8 mapping file for font encoding OMX
Now handling font encoding U ...
... no UTF-8 mapping file for font encoding U
   defining Unicode char U+00A9 (decimal 169)
   defining Unicode char U+00AA (decimal 170)
   defining Unicode char U+00AE (decimal 174)
   defining Unicode char U+00BA (decimal 186)
   defining Unicode char U+02C6 (decimal 710)
   defining Unicode char U+02DC (decimal 732)
   defining Unicode char U+200C (decimal 8204)
   defining Unicode char U+2026 (decimal 8230)
   defining Unicode char U+2122 (decimal 8482)
   defining Unicode char U+2423 (decimal 9251)
))
("C:\Program Files\basic\tex\generic\babel\babel.sty"
Package: babel 2017/05/19 3.10 The Babel package

*************************************
* Local config file bblopts.cfg used
*
("C:\Program Files\basic\tex\latex\arabi\bblopts.cfg"
File: bblopts.cfg 2005/09/08 v0.1 add Arabic and Farsi to "declared" options of
 babel
)
("C:\Program Files\basic\tex\latex\babel-spanish\spanish.ldf"
Language: spanish.ldf 2016/03/03 v5.0p Spanish support from the babel system

("C:\Program Files\basic\tex\generic\babel\babel.def"
File: babel.def 2017/05/19 3.10 Babel common definitions
\babel@savecnt=\count87
\U@D=\dimen103
)
\es@quottoks=\toks16
\es@quotdepth=\count88
Package babel Info: Making " an active character on input line 561.
Package babel Info: Making . an active character on input line 662.
Package babel Info: Making < an active character on input line 707.
Package babel Info: Making > an active character on input line 707.
))
("C:\Program Files\basic\tex\latex\listings\listings.sty"
("C:\Program Files\basic\tex\latex\graphics\keyval.sty"
Package: keyval 2014/10/28 v1.15 key=value parser (DPC)
\KV@toks@=\toks17
)
\lst@mode=\count89
\lst@gtempboxa=\box26
\lst@token=\toks18
\lst@length=\count90
\lst@currlwidth=\dimen104
\lst@column=\count91
\lst@pos=\count92
\lst@lostspace=\dimen105
\lst@width=\dimen106
\lst@newlines=\count93
\lst@lineno=\count94
\lst@maxwidth=\dimen107

("C:\Program Files\basic\tex\latex\listings\lstmisc.sty"
File: lstmisc.sty 2018/09/02 1.7 (Carsten Heinz)
\c@lstnumber=\count95
\lst@skipnumbers=\count96
\lst@framebox=\box27
)
("C:\Program Files\basic\tex\latex\listings\listings.cfg"
File: listings.cfg 2019/02/27 1.8b listings configuration
))
Package: listings 2018/09/02 1.7 (Carsten Heinz)

("C:\Program Files\basic\tex\latex\subfigure\subfigure.sty"
Package: subfigure 2002/07/30 v2.1.4 subfigure package
\subfigtopskip=\skip43
\subfigcapskip=\skip44
\subfigcaptopadj=\dimen108
\subfigbottomskip=\skip45
\subfigcapmargin=\dimen109
\subfiglabelskip=\skip46
\c@subfigure=\count97
\c@lofdepth=\count98
\c@subtable=\count99
\c@lotdepth=\count100

****************************************
* Local config file subfigure.cfg used *
****************************************
("C:\Program Files\basic\tex\latex\subfigure\subfigure.cfg")
\subfig@top=\skip47
\subfig@bottom=\skip48
)
("C:\Program Files\basic\tex\latex\graphics\graphicx.sty"
Package: graphicx 2014/10/28 v1.0g Enhanced LaTeX Graphics (DPC,SPQR)

("C:\Program Files\basic\tex\latex\graphics\graphics.sty"
Package: graphics 2017/04/14 v1.1b Standard LaTeX Graphics (DPC,SPQR)

("C:\Program Files\basic\tex\latex\graphics\trig.sty"
Package: trig 2016/01/03 v1.10 sin cos tan (DPC)
)
("C:\Program Files\basic\tex\latex\graphics-cfg\graphics.cfg"
File: graphics.cfg 2016/06/04 v1.11 sample graphics configuration
)
Package graphics Info: Driver file: dvips.def on input line 99.

("C:\Program Files\basic\tex\latex\graphics-def\dvips.def"
File: dvips.def 2016/07/10 v3.1a Driver-dependent file (DPC,SPQR)
))
\Gin@req@height=\dimen110
\Gin@req@width=\dimen111
)
("C:\Program Files\basic\tex\latex\url\url.sty"
\Urlmuskip=\muskip10
Package: url 2013/09/16  ver 3.4  Verb mode for urls, etc.
)
("C:\Program Files\basic\tex\latex\multirow\multirow.sty"
Package: multirow 2016/11/25 v2.2 Span multiple rows of a table
\multirow@colwidth=\skip49
\multirow@cntb=\count101
\multirow@dima=\skip50
\bigstrutjot=\dimen112
)
("C:\Program Files\basic\tex\latex\graphics\color.sty"
Package: color 2016/07/10 v1.1e Standard LaTeX Color (DPC)

("C:\Program Files\basic\tex\latex\graphics-cfg\color.cfg"
File: color.cfg 2016/01/02 v1.6 sample color configuration
)
Package color Info: Driver file: dvips.def on input line 147.

("C:\Program Files\basic\tex\latex\graphics\dvipsnam.def"
File: dvipsnam.def 2016/06/17 v3.0m Driver-dependent file (DPC,SPQR)
))
("C:\Program Files\basic\tex\latex\booktabs\booktabs.sty"
Package: booktabs 2005/04/14 v1.61803 publication quality tables
\heavyrulewidth=\dimen113
\lightrulewidth=\dimen114
\cmidrulewidth=\dimen115
\belowrulesep=\dimen116
\belowbottomsep=\dimen117
\aboverulesep=\dimen118
\abovetopsep=\dimen119
\cmidrulesep=\dimen120
\cmidrulekern=\dimen121
\defaultaddspace=\dimen122
\@cmidla=\count102
\@cmidlb=\count103
\@aboverulesep=\dimen123
\@belowrulesep=\dimen124
\@thisruleclass=\count104
\@lastruleclass=\count105
\@thisrulewidth=\dimen125
)
("C:\Program Files\basic\tex\latex\geometry\geometry.sty"
Package: geometry 2010/09/12 v5.6 Page Geometry

("C:\Program Files\basic\tex\generic\oberdiek\ifpdf.sty"
Package: ifpdf 2017/03/15 v3.2 Provides the ifpdf switch
)
("C:\Program Files\basic\tex\generic\oberdiek\ifvtex.sty"
Package: ifvtex 2016/05/16 v1.6 Detect VTeX and its facilities (HO)
Package ifvtex Info: VTeX not detected.
)
("C:\Program Files\basic\tex\generic\ifxetex\ifxetex.sty"
Package: ifxetex 2010/09/12 v0.6 Provides ifxetex conditional
)
\Gm@cnth=\count106
\Gm@cntv=\count107
\c@Gm@tempcnt=\count108
\Gm@bindingoffset=\dimen126
\Gm@wd@mp=\dimen127
\Gm@odd@mp=\dimen128
\Gm@even@mp=\dimen129
\Gm@layoutwidth=\dimen130
\Gm@layoutheight=\dimen131
\Gm@layouthoffset=\dimen132
\Gm@layoutvoffset=\dimen133
\Gm@dimlist=\toks19

("C:\Program Files\basic\tex\latex\geometry\geometry.cfg"))
("C:\Program Files\basic\tex\latex\listings\lstlang1.sty"
File: lstlang1.sty 2018/09/02 1.7 listings language file
)
No file Tarea_5.aux.
\openout1 = `Tarea_5.aux'.

LaTeX Font Info:    Checking defaults for OML/cmm/m/it on input line 55.
LaTeX Font Info:    ... okay on input line 55.
LaTeX Font Info:    Checking defaults for T1/cmr/m/n on input line 55.
LaTeX Font Info:    ... okay on input line 55.
LaTeX Font Info:    Checking defaults for OT1/cmr/m/n on input line 55.
LaTeX Font Info:    ... okay on input line 55.
LaTeX Font Info:    Checking defaults for OMS/cmsy/m/n on input line 55.
LaTeX Font Info:    ... okay on input line 55.
LaTeX Font Info:    Checking defaults for OMX/cmex/m/n on input line 55.
LaTeX Font Info:    ... okay on input line 55.
LaTeX Font Info:    Checking defaults for U/cmr/m/n on input line 55.
LaTeX Font Info:    ... okay on input line 55.
LaTeX Info: Redefining \. on input line 55.
LaTeX Info: Redefining \% on input line 55.
\c@lstlisting=\count109
*geometry* driver: auto-detecting
*geometry* detected driver: dvips
*geometry* verbose mode - [ preamble ] result:
* driver: dvips
* paper: <default>
* layout: <same size as paper>
* layoutoffset:(h,v)=(0.0pt,0.0pt)
* modes: twoside 
* h-part:(L,W,R)=(45.52458pt, 523.24583pt, 45.52458pt)
* v-part:(T,H,B)=(45.52458pt, 703.92082pt, 45.52458pt)
* \paperwidth=614.295pt
* \paperheight=794.96999pt
* \textwidth=523.24583pt
* \textheight=703.92082pt
* \oddsidemargin=-26.7454pt
* \evensidemargin=-26.7454pt
* \topmargin=-63.7454pt
* \headheight=12.0pt
* \headsep=25.0pt
* \topskip=10.0pt
* \footskip=30.0pt
* \marginparwidth=65.0pt
* \marginparsep=11.0pt
* \columnsep=10.0pt
* \skip\footins=9.0pt plus 4.0pt minus 2.0pt
* \hoffset=0.0pt
* \voffset=0.0pt
* \mag=1000
* \@twocolumnfalse
* \@twosidetrue
* \@mparswitchtrue
* \@reversemarginfalse
* (1in=72.27pt=25.4mm, 1cm=28.453pt)

LaTeX Font Info:    External font `cmex10' loaded for size
(Font)              <12> on input line 56.
LaTeX Font Info:    External font `cmex10' loaded for size
(Font)              <8> on input line 56.
LaTeX Font Info:    External font `cmex10' loaded for size
(Font)              <6> on input line 56.

LaTeX Warning: Citation `Nobari' on page 1 undefined on input line 60.


LaTeX Warning: Citation `erg' on page 1 undefined on input line 69.


LaTeX Warning: Citation `rgf' on page 1 undefined on input line 70.


LaTeX Warning: Citation `bg' on page 1 undefined on input line 71.


LaTeX Warning: Reference `tab:t2' on page 1 undefined on input line 73.

LaTeX Font Info:    External font `cmex10' loaded for size
(Font)              <7> on input line 78.
LaTeX Font Info:    External font `cmex10' loaded for size
(Font)              <5> on input line 78.

LaTeX Warning: Reference `tab:t2' on page 1 undefined on input line 88.


LaTeX Warning: Reference `fig1' on page 1 undefined on input line 90.


LaTeX Warning: Reference `fig1' on page 1 undefined on input line 90.

("C:\Program Files\basic\tex\latex\listings\lstlang1.sty"
File: lstlang1.sty 2018/09/02 1.7 listings language file
) (Generar_g.py
[1

])
File: Grafo1a.eps Graphic file (type eps)
 <Grafo1a.eps>
File: Grafo2a.eps Graphic file (type eps)
 <Grafo2a.eps>
File: Grafo3a.eps Graphic file (type eps)
 <Grafo3a.eps>
File: Grafo4a.eps Graphic file (type eps)
 <Grafo4a.eps>
File: Grafo5a.eps Graphic file (type eps)
 <Grafo5a.eps>
Underfull \hbox (badness 10000) in paragraph at lines 99--104
[][] []
 []


Underfull \hbox (badness 10000) in paragraph at lines 99--104
[] []
 []

[2] [3]

LaTeX Warning: Citation `Bosek2018' on page 4 undefined on input line 119.


LaTeX Warning: Citation `mf' on page 4 undefined on input line 120.


LaTeX Warning: Citation `gc' on page 4 undefined on input line 121.


LaTeX Warning: Reference `tab:tab1' on page 4 undefined on input line 133.


LaTeX Warning: Reference `tab:tab1' on page 4 undefined on input line 133.

[4] (Leer_grafo.py
LaTeX Font Info:    Try loading font information for OMS+cmr on input line 42.
 ("C:\Program Files\basic\tex\latex\base\omscmr.fd"
File: omscmr.fd 2014/09/29 v2.5h Standard LaTeX font definitions
)
LaTeX Font Info:    Font shape `OMS/cmr/m/n' in size <8> not available
(Font)              Font shape `OMS/cmsy/m/n' tried instead on input line 42.
 [5]
LaTeX Font Info:    Try loading font information for OML+cmr on input line 109.


("C:\Program Files\basic\tex\latex\base\omlcmr.fd"
File: omlcmr.fd 2014/09/29 v2.5h Standard LaTeX font definitions
)
LaTeX Font Info:    Font shape `OML/cmr/m/n' in size <8> not available
(Font)              Font shape `OML/cmm/m/it' tried instead on input line 109.
 [6])

LaTeX Warning: Reference `fig2' on page 7 undefined on input line 167.


LaTeX Warning: Reference `fig2' on page 7 undefined on input line 167.

File: Grafo1mf.eps Graphic file (type eps)
<Grafo1mf.eps>
File: Grafo1cf.eps Graphic file (type eps)
 <Grafo1cf.eps>
File: Grafo1bf.eps Graphic file (type eps)
 <Grafo1bf.eps>
File: Grafo1af.eps Graphic file (type eps)
 <Grafo1af.eps>
Overfull \hbox (10.16626pt too wide) in paragraph at lines 171--175
[][] []
 []


Overfull \hbox (10.16626pt too wide) in paragraph at lines 171--175
[] [] 
 []


LaTeX Warning: Reference `fig3' on page 7 undefined on input line 180.


LaTeX Warning: Reference `fig3' on page 7 undefined on input line 180.

File: Grafo2mf.eps Graphic file (type eps)
<Grafo2mf.eps>
File: Grafo2cf.eps Graphic file (type eps)
 <Grafo2cf.eps>
File: Grafo2bf.eps Graphic file (type eps)
 <Grafo2bf.eps>
File: Grafo2af.eps Graphic file (type eps)
 <Grafo2af.eps>
Overfull \hbox (10.16626pt too wide) in paragraph at lines 184--188
[][] []
 []


Overfull \hbox (10.16626pt too wide) in paragraph at lines 184--188
[] [] 
 []


LaTeX Warning: Reference `fig4' on page 7 undefined on input line 193.


LaTeX Warning: Reference `fig4' on page 7 undefined on input line 193.

File: Grafo3mf.eps Graphic file (type eps)
<Grafo3mf.eps>
File: Grafo3cf.eps Graphic file (type eps)
 <Grafo3cf.eps>
File: Grafo3bf.eps Graphic file (type eps)
 <Grafo3bf.eps>
File: Grafo3af.eps Graphic file (type eps)
 <Grafo3af.eps>
Overfull \hbox (10.16626pt too wide) in paragraph at lines 197--201
[][] []
 []


Overfull \hbox (10.16626pt too wide) in paragraph at lines 197--201
[] [] 
 []


LaTeX Warning: Reference `fig5' on page 7 undefined on input line 206.


LaTeX Warning: Reference `fig5' on page 7 undefined on input line 206.

File: Grafo4mf.eps Graphic file (type eps)
<Grafo4mf.eps>
File: Grafo4cf.eps Graphic file (type eps)
 <Grafo4cf.eps>
File: Grafo4bf.eps Graphic file (type eps)
 <Grafo4bf.eps>
File: Grafo4af.eps Graphic file (type eps)
 <Grafo4af.eps>
Overfull \hbox (10.16626pt too wide) in paragraph at lines 210--214
[][] []
 []


Overfull \hbox (10.16626pt too wide) in paragraph at lines 210--214
[] [] 
 []


LaTeX Warning: Reference `fig6' on page 7 undefined on input line 219.


LaTeX Warning: Reference `fig6' on page 7 undefined on input line 219.

File: Grafo5mf.eps Graphic file (type eps)
<Grafo5mf.eps>
File: Grafo5cf.eps Graphic file (type eps)
 <Grafo5cf.eps>
File: Grafo5bf.eps Graphic file (type eps)
 <Grafo5bf.eps>
File: Grafo5af.eps Graphic file (type eps)
 <Grafo5af.eps>
Overfull \hbox (10.16626pt too wide) in paragraph at lines 223--227
[][] []
 []


Overfull \hbox (10.16626pt too wide) in paragraph at lines 223--227
[] [] 
 []

[7] [8] [9] [10] [11] [12]

LaTeX Warning: Reference `fig7' on page 13 undefined on input line 236.


LaTeX Warning: Reference `fig8' on page 13 undefined on input line 236.


LaTeX Warning: Reference `fig9' on page 13 undefined on input line 236.


LaTeX Warning: Reference `fig10' on page 13 undefined on input line 236.


LaTeX Warning: Reference `fig11' on page 13 undefined on input line 236.


LaTeX Warning: Reference `fig12' on page 13 undefined on input line 236.


LaTeX Warning: Reference `fig7' on page 13 undefined on input line 236.


LaTeX Warning: Reference `fig8' on page 13 undefined on input line 236.


LaTeX Warning: Reference `fig9' on page 13 undefined on input line 236.


LaTeX Warning: Reference `fig10' on page 13 undefined on input line 236.


LaTeX Warning: Reference `fig11' on page 13 undefined on input line 236.


LaTeX Warning: Reference `fig12' on page 13 undefined on input line 236.

File: GradoGrafo1D.eps Graphic file (type eps)
<GradoGrafo1D.eps>
File: GradoGrafo2D.eps Graphic file (type eps)
 <GradoGrafo2D.eps>
File: GradoGrafo3D.eps Graphic file (type eps)
 <GradoGrafo3D.eps>
File: GradoGrafo4D.eps Graphic file (type eps)
 <GradoGrafo4D.eps>
File: GradoGrafo5D.eps Graphic file (type eps)

<GradoGrafo5D.eps>
Underfull \hbox (badness 10000) in paragraph at lines 240--245
[][] []
 []


Underfull \hbox (badness 10000) in paragraph at lines 240--245
[] []
 []


LaTeX Warning: Float too large for page by 10.50343pt on input line 248.

File: CoefAgGrafo1D.eps Graphic file (type eps)
<CoefAgGrafo1D.eps>
File: CoefAgGrafo2D.eps Graphic file (type eps)
 <CoefAgGrafo2D.eps>
File: CoefAgGrafo3D.eps Graphic file (type eps)
 <CoefAgGrafo3D.eps>
File: CoefAgGrafo4D.eps Graphic file (type eps)

<CoefAgGrafo4D.eps>
File: CoefAgGrafo5D.eps Graphic file (type eps)
 <CoefAgGrafo5D.eps>
Underfull \hbox (badness 10000) in paragraph at lines 252--257
[][] []
 []


Underfull \hbox (badness 10000) in paragraph at lines 252--257
[] []
 []


LaTeX Warning: Float too large for page by 10.50343pt on input line 261.

File: CentCerGrafo1D.eps Graphic file (type eps)
<CentCerGrafo1D.eps>
File: CentCerGrafo2D.eps Graphic file (type eps)
 <CentCerGrafo2D.eps>
File: CentCerGrafo3D.eps Graphic file (type eps)
 <CentCerGrafo3D.eps>
File: CentCerGrafo4D.eps Graphic file (type eps)

<CentCerGrafo4D.eps>
File: CentCerGrafo5D.eps Graphic file (type eps)
 <CentCerGrafo5D.eps>
Underfull \hbox (badness 10000) in paragraph at lines 264--269
[][] []
 []


Underfull \hbox (badness 10000) in paragraph at lines 264--269
[] []
 []


LaTeX Warning: Float too large for page by 10.50343pt on input line 272.

File: CentCagGrafo1D.eps Graphic file (type eps)
<CentCagGrafo1D.eps>
File: CentCagGrafo2D.eps Graphic file (type eps)
 <CentCagGrafo2D.eps>
File: CentCagGrafo3D.eps Graphic file (type eps)
 <CentCagGrafo3D.eps>
File: CentCagGrafo4D.eps Graphic file (type eps)

<CentCagGrafo4D.eps>
File: CentCagGrafo5D.eps Graphic file (type eps)
 <CentCagGrafo5D.eps>
Underfull \hbox (badness 10000) in paragraph at lines 276--281
[][] []
 []


Underfull \hbox (badness 10000) in paragraph at lines 276--281
[] []
 []


LaTeX Warning: Float too large for page by 10.50343pt on input line 284.

File: ExcentricidadGrafo1D.eps Graphic file (type eps)
<ExcentricidadGrafo1D.eps>
File: ExcentricidadGrafo2D.eps Graphic file (type eps)
 <ExcentricidadGrafo2D.eps>
File: ExcentricidadGrafo3D.eps Graphic file (type eps)

<ExcentricidadGrafo3D.eps>
File: ExcentricidadGrafo4D.eps Graphic file (type eps)
 <ExcentricidadGrafo4D.eps>
File: ExcentricidadGrafo5D.eps Graphic file (type eps)

<ExcentricidadGrafo5D.eps>
Underfull \hbox (badness 10000) in paragraph at lines 288--293
[][] []
 []


Underfull \hbox (badness 10000) in paragraph at lines 288--293
[] []
 []


LaTeX Warning: Float too large for page by 10.50343pt on input line 296.

File: PageRagGrafo1D.eps Graphic file (type eps)
<PageRagGrafo1D.eps>
File: PageRagGrafo2D.eps Graphic file (type eps)
 <PageRagGrafo2D.eps>
File: PageRagGrafo3D.eps Graphic file (type eps)
 <PageRagGrafo3D.eps>
File: PageRagGrafo4D.eps Graphic file (type eps)

<PageRagGrafo4D.eps>
File: PageRagGrafo5D.eps Graphic file (type eps)
 <PageRagGrafo5D.eps>
Underfull \hbox (badness 10000) in paragraph at lines 300--305
[][] []
 []


Underfull \hbox (badness 10000) in paragraph at lines 300--305
[] []
 []


LaTeX Warning: Float too large for page by 10.50343pt on input line 308.

(Analisis_datos1.py) [13] [14] [15] [16] [17] [18] [19]

LaTeX Warning: Citation `ade' on page 20 undefined on input line 321.


LaTeX Warning: Reference `tab:tab3' on page 20 undefined on input line 342.


LaTeX Warning: Reference `fig13' on page 20 undefined on input line 342.


LaTeX Warning: Reference `fig13' on page 20 undefined on input line 342.

File: boxplot_Grado.eps Graphic file (type eps)
<boxplot_Grado.eps>

LaTeX Warning: Reference `tab:tab3' on page 20 undefined on input line 352.


LaTeX Warning: Reference `fig4' on page 20 undefined on input line 352.


LaTeX Warning: Reference `fig4' on page 20 undefined on input line 352.


LaTeX Warning: Reference `tab:t4' on page 20 undefined on input line 352.


LaTeX Warning: Reference `tab:t4' on page 20 undefined on input line 352.

[20]

LaTeX Warning: Reference `tab:t5' on page 21 undefined on input line 387.


LaTeX Warning: Reference `fig14' on page 21 undefined on input line 387.


LaTeX Warning: Reference `fig14' on page 21 undefined on input line 387.

File: boxplot_CentCer.eps Graphic file (type eps)
<boxplot_CentCer.eps>

LaTeX Warning: Reference `tab:t5' on page 21 undefined on input line 397.


LaTeX Warning: Reference `fig14' on page 21 undefined on input line 397.


LaTeX Warning: Reference `fig14' on page 21 undefined on input line 397.


LaTeX Warning: Reference `tab:t6' on page 21 undefined on input line 397.


LaTeX Warning: Reference `tab:t6' on page 21 undefined on input line 397.

[21]

LaTeX Warning: Reference `tab:t7' on page 22 undefined on input line 435.


LaTeX Warning: Reference `fig15' on page 22 undefined on input line 435.


LaTeX Warning: Reference `fig15' on page 22 undefined on input line 435.

File: boxplot_CoefAg.eps Graphic file (type eps)
<boxplot_CoefAg.eps>

LaTeX Warning: Reference `tab:t7' on page 22 undefined on input line 445.


LaTeX Warning: Reference `fig15' on page 22 undefined on input line 445.


LaTeX Warning: Reference `fig15' on page 22 undefined on input line 445.


LaTeX Warning: Reference `tab:t8' on page 22 undefined on input line 445.


LaTeX Warning: Reference `tab:t8' on page 22 undefined on input line 445.

[22]

LaTeX Warning: Reference `tab:t9' on page 23 undefined on input line 482.


LaTeX Warning: Reference `fig16' on page 23 undefined on input line 482.


LaTeX Warning: Reference `fig16' on page 23 undefined on input line 482.

File: boxplot_CentCag.eps Graphic file (type eps)
<boxplot_CentCag.eps> [23]

LaTeX Warning: Reference `tab:t10' on page 24 undefined on input line 510.


LaTeX Warning: Reference `fig17' on page 24 undefined on input line 510.


LaTeX Warning: Reference `fig17' on page 24 undefined on input line 510.

File: boxplot_Excentricidad.eps Graphic file (type eps)
<boxplot_Excentricidad.eps>

LaTeX Warning: Reference `tab:t10' on page 24 undefined on input line 520.


LaTeX Warning: Reference `fig17' on page 24 undefined on input line 520.


LaTeX Warning: Reference `fig17' on page 24 undefined on input line 520.


LaTeX Warning: Reference `tab:t11' on page 24 undefined on input line 520.


LaTeX Warning: Reference `tab:t11' on page 24 undefined on input line 520.


LaTeX Warning: Reference `tab:t12' on page 24 undefined on input line 557.


LaTeX Warning: Reference `fig18' on page 24 undefined on input line 557.


LaTeX Warning: Reference `fig18' on page 24 undefined on input line 557.

File: boxplot_PageRag.eps Graphic file (type eps)
<boxplot_PageRag.eps> [24]

LaTeX Warning: Reference `tab:t12' on page 25 undefined on input line 568.


LaTeX Warning: Reference `fig17' on page 25 undefined on input line 568.


LaTeX Warning: Reference `fig17' on page 25 undefined on input line 568.


LaTeX Warning: Reference `tab:t19' on page 25 undefined on input line 568.


LaTeX Warning: Reference `tab:t19' on page 25 undefined on input line 568.

[25]

LaTeX Warning: Reference `tab:t20' on page 26 undefined on input line 589.


LaTeX Warning: Reference `tab:t20' on page 26 undefined on input line 589.

LaTeX Font Info:    Font shape `OT1/cmtt/bx/it' in size <10> not available
(Font)              Font shape `OT1/cmtt/m/it' tried instead on input line 596.


LaTeX Warning: Reference `tab:t7' on page 26 undefined on input line 623.


LaTeX Warning: Reference `tab:t21' on page 26 undefined on input line 627.


LaTeX Warning: Reference `tab:t22' on page 26 undefined on input line 627.


LaTeX Warning: Reference `tab:t23' on page 26 undefined on input line 627.


LaTeX Warning: Reference `tab:t24' on page 26 undefined on input line 627.


LaTeX Warning: Reference `tab:t25' on page 26 undefined on input line 627.


LaTeX Warning: Reference `tab:t25' on page 26 undefined on input line 627.


LaTeX Warning: Reference `tab:t21' on page 26 undefined on input line 627.


LaTeX Warning: Reference `tab:t22' on page 26 undefined on input line 627.


LaTeX Warning: Reference `tab:t23' on page 26 undefined on input line 627.


LaTeX Warning: Reference `tab:t24' on page 26 undefined on input line 627.


LaTeX Warning: Reference `tab:t25' on page 26 undefined on input line 627.


LaTeX Warning: Reference `tab:t26' on page 26 undefined on input line 627.


LaTeX Warning: Reference `fig19' on page 26 undefined on input line 721.


LaTeX Warning: Reference `fig20' on page 26 undefined on input line 721.


LaTeX Warning: Reference `fig21' on page 26 undefined on input line 721.


LaTeX Warning: Reference `fig22' on page 26 undefined on input line 721.


LaTeX Warning: Reference `fig23' on page 26 undefined on input line 721.


LaTeX Warning: Reference `fig23' on page 26 undefined on input line 721.


LaTeX Warning: Reference `fig19' on page 26 undefined on input line 721.


LaTeX Warning: Reference `fig20' on page 26 undefined on input line 721.


LaTeX Warning: Reference `fig21' on page 26 undefined on input line 721.


LaTeX Warning: Reference `fig22' on page 26 undefined on input line 721.


LaTeX Warning: Reference `fig23' on page 26 undefined on input line 721.


LaTeX Warning: Reference `fig24' on page 26 undefined on input line 721.

File: boxplot_FlujoMaxGrado.eps Graphic file (type eps)
<boxplot_FlujoMaxGrado.eps> [26] [27]
File: boxplot_FlujoMaxCoefAg.eps Graphic file (type eps)
 <boxplot_FlujoMaxCoefAg.eps>
File: boxplot_FlujoMaxCentCer.eps Graphic file (type eps)

<boxplot_FlujoMaxCentCer.eps>
File: boxplot_FlujoMaxCentCag.eps Graphic file (type eps)
 <boxplot_FlujoMaxCentCag.eps>
File: boxplot_FlujoMaxExcentricidad.eps Graphic file (type eps)

<boxplot_FlujoMaxExcentricidad.eps>
File: boxplot_FlujoMaxPageRag.eps Graphic file (type eps)
 <boxplot_FlujoMaxPageRag.eps> [28] [29]
[30]

LaTeX Warning: Reference `tab:t27' on page 31 undefined on input line 861.


LaTeX Warning: Reference `tab:t28' on page 31 undefined on input line 861.


LaTeX Warning: Reference `tab:t29' on page 31 undefined on input line 861.


LaTeX Warning: Reference `tab:t30' on page 31 undefined on input line 861.


LaTeX Warning: Reference `tab:t31' on page 31 undefined on input line 861.


LaTeX Warning: Reference `tab:t32' on page 31 undefined on input line 861.


LaTeX Warning: Reference `tab:t27' on page 31 undefined on input line 861.


LaTeX Warning: Reference `tab:t28' on page 31 undefined on input line 861.


LaTeX Warning: Reference `tab:t29' on page 31 undefined on input line 861.


LaTeX Warning: Reference `tab:t30' on page 31 undefined on input line 861.


LaTeX Warning: Reference `tab:t31' on page 31 undefined on input line 861.


LaTeX Warning: Reference `tab:t32' on page 31 undefined on input line 861.


LaTeX Warning: Reference `tab:t33' on page 31 undefined on input line 864.


LaTeX Warning: Reference `tab:t33' on page 31 undefined on input line 864.


LaTeX Warning: Reference `tab:t33' on page 31 undefined on input line 901.


LaTeX Warning: Reference `tab:t33' on page 31 undefined on input line 901.

[31] [32]
No file Tarea_5.bbl.
(Tarea_5.aux
LaTeX Info: Redefining \. on input line 10.
LaTeX Info: Redefining \% on input line 10.
)

LaTeX Warning: There were undefined references.


LaTeX Warning: Label(s) may have changed. Rerun to get cross-references right.

 ) 
Here is how much of TeX's memory you used:
 4951 strings out of 493324
 63550 string characters out of 3141250
 711253 words of memory out of 3000000
 8368 multiletter control sequences out of 15000+200000
 9288 words of font info for 33 fonts, out of 3000000 for 9000
 1141 hyphenation exceptions out of 8191
 30i,10n,43p,666b,1865s stack positions out of 5000i,500n,10000p,200000b,50000s

Output written on Tarea_5.dvi (32 pages, 196452 bytes).
